0 info it worked if it ends with ok
1 verbose cli [ '/Users/amosgichero/.nvm/versions/node/v6.9.5/bin/node',
1 verbose cli   '/Users/amosgichero/.nvm/versions/node/v6.9.5/bin/npm',
1 verbose cli   'install',
1 verbose cli   'graphicsmagick',
1 verbose cli   '--save' ]
2 info using npm@3.10.10
3 info using node@v6.9.5
4 silly loadCurrentTree Starting
5 silly install loadCurrentTree
6 silly install readLocalPackageData
7 silly fetchPackageMetaData graphicsmagick
8 silly fetchNamedPackageData graphicsmagick
9 silly mapToRegistry name graphicsmagick
10 silly mapToRegistry using default registry
11 silly mapToRegistry registry https://registry.npmjs.org/
12 silly mapToRegistry data Result {
12 silly mapToRegistry   raw: 'graphicsmagick',
12 silly mapToRegistry   scope: null,
12 silly mapToRegistry   escapedName: 'graphicsmagick',
12 silly mapToRegistry   name: 'graphicsmagick',
12 silly mapToRegistry   rawSpec: '',
12 silly mapToRegistry   spec: 'latest',
12 silly mapToRegistry   type: 'tag' }
13 silly mapToRegistry uri https://registry.npmjs.org/graphicsmagick
14 verbose request uri https://registry.npmjs.org/graphicsmagick
15 verbose request no auth needed
16 info attempt registry request try #1 at 12:08:00 AM
17 verbose request id d4633bda92fae324
18 http request GET https://registry.npmjs.org/graphicsmagick
19 http 200 https://registry.npmjs.org/graphicsmagick
20 verbose headers { server: 'nginx/1.10.1',
20 verbose headers   'content-type': 'application/json',
20 verbose headers   'last-modified': 'Thu, 02 Feb 2012 02:44:03 GMT',
20 verbose headers   etag: 'W/"4f29f873-4d9"',
20 verbose headers   'content-encoding': 'gzip',
20 verbose headers   'cache-control': 'max-age=300',
20 verbose headers   'content-length': '545',
20 verbose headers   'accept-ranges': 'bytes',
20 verbose headers   date: 'Thu, 23 Mar 2017 04:08:00 GMT',
20 verbose headers   via: '1.1 varnish',
20 verbose headers   age: '0',
20 verbose headers   connection: 'keep-alive',
20 verbose headers   'x-served-by': 'cache-atl6235-ATL',
20 verbose headers   'x-cache': 'MISS',
20 verbose headers   'x-cache-hits': '0',
20 verbose headers   'x-timer': 'S1490242080.635119,VS0,VE114',
20 verbose headers   vary: 'Accept-Encoding' }
21 silly get cb [ 200,
21 silly get   { server: 'nginx/1.10.1',
21 silly get     'content-type': 'application/json',
21 silly get     'last-modified': 'Thu, 02 Feb 2012 02:44:03 GMT',
21 silly get     etag: 'W/"4f29f873-4d9"',
21 silly get     'content-encoding': 'gzip',
21 silly get     'cache-control': 'max-age=300',
21 silly get     'content-length': '545',
21 silly get     'accept-ranges': 'bytes',
21 silly get     date: 'Thu, 23 Mar 2017 04:08:00 GMT',
21 silly get     via: '1.1 varnish',
21 silly get     age: '0',
21 silly get     connection: 'keep-alive',
21 silly get     'x-served-by': 'cache-atl6235-ATL',
21 silly get     'x-cache': 'MISS',
21 silly get     'x-cache-hits': '0',
21 silly get     'x-timer': 'S1490242080.635119,VS0,VE114',
21 silly get     vary: 'Accept-Encoding' } ]
22 verbose get saving graphicsmagick to /Users/amosgichero/.npm/registry.npmjs.org/graphicsmagick/.cache.json
23 verbose correctMkdir /Users/amosgichero/.npm correctMkdir not in flight; initializing
24 silly install normalizeTree
25 silly loadCurrentTree Finishing
26 silly loadIdealTree Starting
27 silly install loadIdealTree
28 silly cloneCurrentTree Starting
29 silly install cloneCurrentTreeToIdealTree
30 silly cloneCurrentTree Finishing
31 silly loadShrinkwrap Starting
32 silly install loadShrinkwrap
33 silly loadShrinkwrap Finishing
34 silly loadAllDepsIntoIdealTree Starting
35 silly install loadAllDepsIntoIdealTree
36 silly resolveWithNewModule graphicsmagick@0.0.1 checking installable status
37 silly cache add args [ 'graphicsmagick', null ]
38 verbose cache add spec graphicsmagick
39 silly cache add parsed spec Result {
39 silly cache add   raw: 'graphicsmagick',
39 silly cache add   scope: null,
39 silly cache add   escapedName: 'graphicsmagick',
39 silly cache add   name: 'graphicsmagick',
39 silly cache add   rawSpec: '',
39 silly cache add   spec: 'latest',
39 silly cache add   type: 'tag' }
40 silly addNamed graphicsmagick@latest
41 verbose addNamed "latest" is being treated as a dist-tag for graphicsmagick
42 info addNameTag [ 'graphicsmagick', 'latest' ]
43 silly mapToRegistry name graphicsmagick
44 silly mapToRegistry using default registry
45 silly mapToRegistry registry https://registry.npmjs.org/
46 silly mapToRegistry data Result {
46 silly mapToRegistry   raw: 'graphicsmagick',
46 silly mapToRegistry   scope: null,
46 silly mapToRegistry   escapedName: 'graphicsmagick',
46 silly mapToRegistry   name: 'graphicsmagick',
46 silly mapToRegistry   rawSpec: '',
46 silly mapToRegistry   spec: 'latest',
46 silly mapToRegistry   type: 'tag' }
47 silly mapToRegistry uri https://registry.npmjs.org/graphicsmagick
48 verbose addNameTag registry:https://registry.npmjs.org/graphicsmagick not in flight; fetching
49 verbose get https://registry.npmjs.org/graphicsmagick not expired, no request
50 silly addNameTag next cb for graphicsmagick with tag latest
51 silly addNamed graphicsmagick@0.0.1
52 verbose addNamed "0.0.1" is a plain semver version for graphicsmagick
53 silly mapToRegistry name graphicsmagick
54 silly mapToRegistry using default registry
55 silly mapToRegistry registry https://registry.npmjs.org/
56 silly mapToRegistry data Result {
56 silly mapToRegistry   raw: 'graphicsmagick',
56 silly mapToRegistry   scope: null,
56 silly mapToRegistry   escapedName: 'graphicsmagick',
56 silly mapToRegistry   name: 'graphicsmagick',
56 silly mapToRegistry   rawSpec: '',
56 silly mapToRegistry   spec: 'latest',
56 silly mapToRegistry   type: 'tag' }
57 silly mapToRegistry uri https://registry.npmjs.org/graphicsmagick
58 verbose addRemoteTarball https://registry.npmjs.org/graphicsmagick/-/graphicsmagick-0.0.1.tgz not in flight; adding
59 verbose addRemoteTarball [ 'https://registry.npmjs.org/graphicsmagick/-/graphicsmagick-0.0.1.tgz',
59 verbose addRemoteTarball   '0af95878190dcbd1028e46c13526f5284245bf29' ]
60 info retry fetch attempt 1 at 12:08:00 AM
61 info attempt registry request try #1 at 12:08:00 AM
62 http fetch GET https://registry.npmjs.org/graphicsmagick/-/graphicsmagick-0.0.1.tgz
63 http fetch 200 https://registry.npmjs.org/graphicsmagick/-/graphicsmagick-0.0.1.tgz
64 silly fetchAndShaCheck shasum 0af95878190dcbd1028e46c13526f5284245bf29
65 verbose addTmpTarball /var/folders/9n/dlsmq66568j7zrrcb709fkl40000gn/T/npm-16548-e2a31473/registry.npmjs.org/graphicsmagick/-/graphicsmagick-0.0.1.tgz not in flight; adding
66 verbose addTmpTarball already have metadata; skipping unpack for graphicsmagick@0.0.1
67 verbose correctMkdir /Users/amosgichero/.npm correctMkdir not in flight; initializing
68 silly cache afterAdd graphicsmagick@0.0.1
69 verbose afterAdd /Users/amosgichero/.npm/graphicsmagick/0.0.1/package/package.json not in flight; writing
70 verbose correctMkdir /Users/amosgichero/.npm correctMkdir not in flight; initializing
71 verbose afterAdd /Users/amosgichero/.npm/graphicsmagick/0.0.1/package/package.json written
72 silly loadAllDepsIntoIdealTree Finishing
73 silly loadIdealTree Finishing
74 silly currentTree npm@1.0.0
74 silly currentTree ├── accepts@1.3.3
74 silly currentTree ├── after@0.8.2
74 silly currentTree ├── ajv@4.11.5
74 silly currentTree ├── array-flatten@1.1.1
74 silly currentTree ├── arraybuffer.slice@0.0.6
74 silly currentTree ├── asn1@0.2.3
74 silly currentTree ├── assert-plus@0.2.0
74 silly currentTree ├── asynckit@0.4.0
74 silly currentTree ├── aws-sign2@0.6.0
74 silly currentTree ├── aws4@1.6.0
74 silly currentTree ├── backo2@1.0.2
74 silly currentTree ├── base64-arraybuffer@0.1.5
74 silly currentTree ├── base64id@1.0.0
74 silly currentTree ├── bcrypt-pbkdf@1.0.1
74 silly currentTree ├── better-assert@1.0.2
74 silly currentTree ├── blob@0.0.4
74 silly currentTree ├── bluebird@3.5.0
74 silly currentTree ├── boolbase@1.0.0
74 silly currentTree ├── boom@2.10.1
74 silly currentTree ├── buffer-shims@1.0.0
74 silly currentTree ├── callsite@1.0.0
74 silly currentTree ├── caseless@0.12.0
74 silly currentTree ├── cheerio@0.22.0
74 silly currentTree ├── co@4.6.0
74 silly currentTree ├── combined-stream@1.0.5
74 silly currentTree ├── component-bind@1.0.0
74 silly currentTree ├── component-emitter@1.1.2
74 silly currentTree ├── component-inherit@0.0.3
74 silly currentTree ├── content-disposition@0.5.2
74 silly currentTree ├── content-type@1.0.2
74 silly currentTree ├── cookie-signature@1.0.6
74 silly currentTree ├── cookie@0.3.1
74 silly currentTree ├── core-util-is@1.0.2
74 silly currentTree ├── cryptiles@2.0.5
74 silly currentTree ├── css-select@1.2.0
74 silly currentTree ├── css-what@2.1.0
74 silly currentTree ├─┬ dashdash@1.14.1
74 silly currentTree │ └── assert-plus@1.0.0
74 silly currentTree ├── debug@2.6.1
74 silly currentTree ├── delayed-stream@1.0.0
74 silly currentTree ├── depd@1.1.0
74 silly currentTree ├── destroy@1.0.4
74 silly currentTree ├─┬ dom-serializer@0.1.0
74 silly currentTree │ └── domelementtype@1.1.3
74 silly currentTree ├── domelementtype@1.3.0
74 silly currentTree ├── domhandler@2.3.0
74 silly currentTree ├── domutils@1.5.1
74 silly currentTree ├── ecc-jsbn@0.1.1
74 silly currentTree ├── ee-first@1.1.1
74 silly currentTree ├── encodeurl@1.0.1
74 silly currentTree ├─┬ engine.io-client@1.8.3
74 silly currentTree │ ├── component-emitter@1.2.1
74 silly currentTree │ └── debug@2.3.3
74 silly currentTree ├── engine.io-parser@1.3.2
74 silly currentTree ├─┬ engine.io@1.8.3
74 silly currentTree │ └── debug@2.3.3
74 silly currentTree ├── entities@1.1.1
74 silly currentTree ├── escape-html@1.0.3
74 silly currentTree ├── etag@1.8.0
74 silly currentTree ├── express@4.15.2
74 silly currentTree ├── extend@3.0.0
74 silly currentTree ├── extsprintf@1.0.2
74 silly currentTree ├─┬ finalhandler@1.0.1
74 silly currentTree │ └── debug@2.6.3
74 silly currentTree ├── forever-agent@0.6.1
74 silly currentTree ├── form-data@2.1.2
74 silly currentTree ├── forwarded@0.1.0
74 silly currentTree ├── fresh@0.5.0
74 silly currentTree ├─┬ getpass@0.1.6
74 silly currentTree │ └── assert-plus@1.0.0
74 silly currentTree ├── har-schema@1.0.5
74 silly currentTree ├── har-validator@4.2.1
74 silly currentTree ├── has-binary@0.1.7
74 silly currentTree ├── has-cors@1.1.0
74 silly currentTree ├── hawk@3.1.3
74 silly currentTree ├── hoek@2.16.3
74 silly currentTree ├── htmlparser2@3.9.2
74 silly currentTree ├── http-errors@1.6.1
74 silly currentTree ├── http-signature@1.1.1
74 silly currentTree ├── indexof@0.0.1
74 silly currentTree ├── inherits@2.0.3
74 silly currentTree ├── ipaddr.js@1.2.0
74 silly currentTree ├── is-typedarray@1.0.0
74 silly currentTree ├── isarray@0.0.1
74 silly currentTree ├── isstream@0.1.2
74 silly currentTree ├── jodid25519@1.0.2
74 silly currentTree ├── jsbn@0.1.1
74 silly currentTree ├── json-schema@0.2.3
74 silly currentTree ├── json-stable-stringify@1.0.1
74 silly currentTree ├── json-stringify-safe@5.0.1
74 silly currentTree ├── json3@3.3.2
74 silly currentTree ├── jsonify@0.0.0
74 silly currentTree ├─┬ jsprim@1.4.0
74 silly currentTree │ └── assert-plus@1.0.0
74 silly currentTree ├── lodash.assignin@4.2.0
74 silly currentTree ├── lodash.bind@4.2.1
74 silly currentTree ├── lodash.defaults@4.2.0
74 silly currentTree ├── lodash.filter@4.6.0
74 silly currentTree ├── lodash.flatten@4.4.0
74 silly currentTree ├── lodash.foreach@4.5.0
74 silly currentTree ├── lodash.map@4.6.0
74 silly currentTree ├── lodash.merge@4.6.0
74 silly currentTree ├── lodash.pick@4.4.0
74 silly currentTree ├── lodash.reduce@4.6.0
74 silly currentTree ├── lodash.reject@4.6.0
74 silly currentTree ├── lodash.some@4.6.0
74 silly currentTree ├── lodash@4.17.4
74 silly currentTree ├── marked@0.3.6
74 silly currentTree ├── media-typer@0.3.0
74 silly currentTree ├── merge-descriptors@1.0.1
74 silly currentTree ├── methods@1.1.2
74 silly currentTree ├── mime-db@1.26.0
74 silly currentTree ├── mime-types@2.1.14
74 silly currentTree ├── mime@1.3.4
74 silly currentTree ├── ms@0.7.2
74 silly currentTree ├── negotiator@0.6.1
74 silly currentTree ├── nth-check@1.0.1
74 silly currentTree ├── oauth-sign@0.8.2
74 silly currentTree ├── object-assign@4.1.0
74 silly currentTree ├── object-component@0.0.3
74 silly currentTree ├── on-finished@2.3.0
74 silly currentTree ├── options@0.0.6
74 silly currentTree ├── parsejson@0.0.3
74 silly currentTree ├── parseqs@0.0.5
74 silly currentTree ├── parseuri@0.0.5
74 silly currentTree ├── parseurl@1.3.1
74 silly currentTree ├── path-to-regexp@0.1.7
74 silly currentTree ├── performance-now@0.2.0
74 silly currentTree ├── process-nextick-args@1.0.7
74 silly currentTree ├── proxy-addr@1.1.3
74 silly currentTree ├── punycode@1.4.1
74 silly currentTree ├── qs@6.4.0
74 silly currentTree ├── range-parser@1.2.0
74 silly currentTree ├─┬ readable-stream@2.2.6
74 silly currentTree │ └── isarray@1.0.0
74 silly currentTree ├── request@2.81.0
74 silly currentTree ├── safe-buffer@5.0.1
74 silly currentTree ├── send@0.15.1
74 silly currentTree ├── serve-static@1.12.1
74 silly currentTree ├── setprototypeof@1.0.3
74 silly currentTree ├── sntp@1.0.9
74 silly currentTree ├─┬ socket.io-adapter@0.5.0
74 silly currentTree │ └── debug@2.3.3
74 silly currentTree ├─┬ socket.io-client@1.7.3
74 silly currentTree │ ├── component-emitter@1.2.1
74 silly currentTree │ └── debug@2.3.3
74 silly currentTree ├─┬ socket.io-parser@2.3.1
74 silly currentTree │ ├── debug@2.2.0
74 silly currentTree │ └── ms@0.7.1
74 silly currentTree ├─┬ socket.io@1.7.3
74 silly currentTree │ └── debug@2.3.3
74 silly currentTree ├─┬ sshpk@1.11.0
74 silly currentTree │ └── assert-plus@1.0.0
74 silly currentTree ├── statuses@1.3.1
74 silly currentTree ├── string_decoder@0.10.31
74 silly currentTree ├── stringstream@0.0.5
74 silly currentTree ├── to-array@0.1.4
74 silly currentTree ├── tough-cookie@2.3.2
74 silly currentTree ├── tunnel-agent@0.6.0
74 silly currentTree ├── tweetnacl@0.14.5
74 silly currentTree ├── type-is@1.6.14
74 silly currentTree ├── ultron@1.0.2
74 silly currentTree ├── unpipe@1.0.0
74 silly currentTree ├── util-deprecate@1.0.2
74 silly currentTree ├── utils-merge@1.0.0
74 silly currentTree ├── uuid@3.0.1
74 silly currentTree ├── vary@1.1.1
74 silly currentTree ├── verror@1.3.6
74 silly currentTree ├── ws@1.1.2
74 silly currentTree ├── wtf-8@1.0.0
74 silly currentTree ├── xmlhttprequest-ssl@1.5.3
74 silly currentTree └── yeast@0.1.2
75 silly idealTree npm@1.0.0
75 silly idealTree ├── accepts@1.3.3
75 silly idealTree ├── after@0.8.2
75 silly idealTree ├── ajv@4.11.5
75 silly idealTree ├── array-flatten@1.1.1
75 silly idealTree ├── arraybuffer.slice@0.0.6
75 silly idealTree ├── asn1@0.2.3
75 silly idealTree ├── assert-plus@0.2.0
75 silly idealTree ├── asynckit@0.4.0
75 silly idealTree ├── aws-sign2@0.6.0
75 silly idealTree ├── aws4@1.6.0
75 silly idealTree ├── backo2@1.0.2
75 silly idealTree ├── base64-arraybuffer@0.1.5
75 silly idealTree ├── base64id@1.0.0
75 silly idealTree ├── bcrypt-pbkdf@1.0.1
75 silly idealTree ├── better-assert@1.0.2
75 silly idealTree ├── blob@0.0.4
75 silly idealTree ├── bluebird@3.5.0
75 silly idealTree ├── boolbase@1.0.0
75 silly idealTree ├── boom@2.10.1
75 silly idealTree ├── buffer-shims@1.0.0
75 silly idealTree ├── callsite@1.0.0
75 silly idealTree ├── caseless@0.12.0
75 silly idealTree ├── cheerio@0.22.0
75 silly idealTree ├── co@4.6.0
75 silly idealTree ├── combined-stream@1.0.5
75 silly idealTree ├── component-bind@1.0.0
75 silly idealTree ├── component-emitter@1.1.2
75 silly idealTree ├── component-inherit@0.0.3
75 silly idealTree ├── content-disposition@0.5.2
75 silly idealTree ├── content-type@1.0.2
75 silly idealTree ├── cookie-signature@1.0.6
75 silly idealTree ├── cookie@0.3.1
75 silly idealTree ├── core-util-is@1.0.2
75 silly idealTree ├── cryptiles@2.0.5
75 silly idealTree ├── css-select@1.2.0
75 silly idealTree ├── css-what@2.1.0
75 silly idealTree ├─┬ dashdash@1.14.1
75 silly idealTree │ └── assert-plus@1.0.0
75 silly idealTree ├── debug@2.6.1
75 silly idealTree ├── delayed-stream@1.0.0
75 silly idealTree ├── depd@1.1.0
75 silly idealTree ├── destroy@1.0.4
75 silly idealTree ├─┬ dom-serializer@0.1.0
75 silly idealTree │ └── domelementtype@1.1.3
75 silly idealTree ├── domelementtype@1.3.0
75 silly idealTree ├── domhandler@2.3.0
75 silly idealTree ├── domutils@1.5.1
75 silly idealTree ├── ecc-jsbn@0.1.1
75 silly idealTree ├── ee-first@1.1.1
75 silly idealTree ├── encodeurl@1.0.1
75 silly idealTree ├─┬ engine.io-client@1.8.3
75 silly idealTree │ ├── component-emitter@1.2.1
75 silly idealTree │ └── debug@2.3.3
75 silly idealTree ├── engine.io-parser@1.3.2
75 silly idealTree ├─┬ engine.io@1.8.3
75 silly idealTree │ └── debug@2.3.3
75 silly idealTree ├── entities@1.1.1
75 silly idealTree ├── escape-html@1.0.3
75 silly idealTree ├── etag@1.8.0
75 silly idealTree ├── express@4.15.2
75 silly idealTree ├── extend@3.0.0
75 silly idealTree ├── extsprintf@1.0.2
75 silly idealTree ├─┬ finalhandler@1.0.1
75 silly idealTree │ └── debug@2.6.3
75 silly idealTree ├── forever-agent@0.6.1
75 silly idealTree ├── form-data@2.1.2
75 silly idealTree ├── forwarded@0.1.0
75 silly idealTree ├── fresh@0.5.0
75 silly idealTree ├─┬ getpass@0.1.6
75 silly idealTree │ └── assert-plus@1.0.0
75 silly idealTree ├── graphicsmagick@0.0.1
75 silly idealTree ├── har-schema@1.0.5
75 silly idealTree ├── har-validator@4.2.1
75 silly idealTree ├── has-binary@0.1.7
75 silly idealTree ├── has-cors@1.1.0
75 silly idealTree ├── hawk@3.1.3
75 silly idealTree ├── hoek@2.16.3
75 silly idealTree ├── htmlparser2@3.9.2
75 silly idealTree ├── http-errors@1.6.1
75 silly idealTree ├── http-signature@1.1.1
75 silly idealTree ├── indexof@0.0.1
75 silly idealTree ├── inherits@2.0.3
75 silly idealTree ├── ipaddr.js@1.2.0
75 silly idealTree ├── is-typedarray@1.0.0
75 silly idealTree ├── isarray@0.0.1
75 silly idealTree ├── isstream@0.1.2
75 silly idealTree ├── jodid25519@1.0.2
75 silly idealTree ├── jsbn@0.1.1
75 silly idealTree ├── json-schema@0.2.3
75 silly idealTree ├── json-stable-stringify@1.0.1
75 silly idealTree ├── json-stringify-safe@5.0.1
75 silly idealTree ├── json3@3.3.2
75 silly idealTree ├── jsonify@0.0.0
75 silly idealTree ├─┬ jsprim@1.4.0
75 silly idealTree │ └── assert-plus@1.0.0
75 silly idealTree ├── lodash.assignin@4.2.0
75 silly idealTree ├── lodash.bind@4.2.1
75 silly idealTree ├── lodash.defaults@4.2.0
75 silly idealTree ├── lodash.filter@4.6.0
75 silly idealTree ├── lodash.flatten@4.4.0
75 silly idealTree ├── lodash.foreach@4.5.0
75 silly idealTree ├── lodash.map@4.6.0
75 silly idealTree ├── lodash.merge@4.6.0
75 silly idealTree ├── lodash.pick@4.4.0
75 silly idealTree ├── lodash.reduce@4.6.0
75 silly idealTree ├── lodash.reject@4.6.0
75 silly idealTree ├── lodash.some@4.6.0
75 silly idealTree ├── lodash@4.17.4
75 silly idealTree ├── marked@0.3.6
75 silly idealTree ├── media-typer@0.3.0
75 silly idealTree ├── merge-descriptors@1.0.1
75 silly idealTree ├── methods@1.1.2
75 silly idealTree ├── mime-db@1.26.0
75 silly idealTree ├── mime-types@2.1.14
75 silly idealTree ├── mime@1.3.4
75 silly idealTree ├── ms@0.7.2
75 silly idealTree ├── negotiator@0.6.1
75 silly idealTree ├── nth-check@1.0.1
75 silly idealTree ├── oauth-sign@0.8.2
75 silly idealTree ├── object-assign@4.1.0
75 silly idealTree ├── object-component@0.0.3
75 silly idealTree ├── on-finished@2.3.0
75 silly idealTree ├── options@0.0.6
75 silly idealTree ├── parsejson@0.0.3
75 silly idealTree ├── parseqs@0.0.5
75 silly idealTree ├── parseuri@0.0.5
75 silly idealTree ├── parseurl@1.3.1
75 silly idealTree ├── path-to-regexp@0.1.7
75 silly idealTree ├── performance-now@0.2.0
75 silly idealTree ├── process-nextick-args@1.0.7
75 silly idealTree ├── proxy-addr@1.1.3
75 silly idealTree ├── punycode@1.4.1
75 silly idealTree ├── qs@6.4.0
75 silly idealTree ├── range-parser@1.2.0
75 silly idealTree ├─┬ readable-stream@2.2.6
75 silly idealTree │ └── isarray@1.0.0
75 silly idealTree ├── request@2.81.0
75 silly idealTree ├── safe-buffer@5.0.1
75 silly idealTree ├── send@0.15.1
75 silly idealTree ├── serve-static@1.12.1
75 silly idealTree ├── setprototypeof@1.0.3
75 silly idealTree ├── sntp@1.0.9
75 silly idealTree ├─┬ socket.io-adapter@0.5.0
75 silly idealTree │ └── debug@2.3.3
75 silly idealTree ├─┬ socket.io-client@1.7.3
75 silly idealTree │ ├── component-emitter@1.2.1
75 silly idealTree │ └── debug@2.3.3
75 silly idealTree ├─┬ socket.io-parser@2.3.1
75 silly idealTree │ ├── debug@2.2.0
75 silly idealTree │ └── ms@0.7.1
75 silly idealTree ├─┬ socket.io@1.7.3
75 silly idealTree │ └── debug@2.3.3
75 silly idealTree ├─┬ sshpk@1.11.0
75 silly idealTree │ └── assert-plus@1.0.0
75 silly idealTree ├── statuses@1.3.1
75 silly idealTree ├── string_decoder@0.10.31
75 silly idealTree ├── stringstream@0.0.5
75 silly idealTree ├── to-array@0.1.4
75 silly idealTree ├── tough-cookie@2.3.2
75 silly idealTree ├── tunnel-agent@0.6.0
75 silly idealTree ├── tweetnacl@0.14.5
75 silly idealTree ├── type-is@1.6.14
75 silly idealTree ├── ultron@1.0.2
75 silly idealTree ├── unpipe@1.0.0
75 silly idealTree ├── util-deprecate@1.0.2
75 silly idealTree ├── utils-merge@1.0.0
75 silly idealTree ├── uuid@3.0.1
75 silly idealTree ├── vary@1.1.1
75 silly idealTree ├── verror@1.3.6
75 silly idealTree ├── ws@1.1.2
75 silly idealTree ├── wtf-8@1.0.0
75 silly idealTree ├── xmlhttprequest-ssl@1.5.3
75 silly idealTree └── yeast@0.1.2
76 silly generateActionsToTake Starting
77 silly install generateActionsToTake
78 silly generateActionsToTake Finishing
79 silly diffTrees action count 1
80 silly diffTrees add graphicsmagick@0.0.1
81 silly decomposeActions action count 8
82 silly decomposeActions fetch graphicsmagick@0.0.1
83 silly decomposeActions extract graphicsmagick@0.0.1
84 silly decomposeActions test graphicsmagick@0.0.1
85 silly decomposeActions preinstall graphicsmagick@0.0.1
86 silly decomposeActions build graphicsmagick@0.0.1
87 silly decomposeActions install graphicsmagick@0.0.1
88 silly decomposeActions postinstall graphicsmagick@0.0.1
89 silly decomposeActions finalize graphicsmagick@0.0.1
90 silly runTopLevelLifecycles Starting
91 silly executeActions Starting
92 silly install executeActions
93 silly doSerial global-install 0
94 silly doParallel fetch 1
95 verbose correctMkdir /Users/amosgichero/.npm/_locks correctMkdir not in flight; initializing
96 verbose lock using /Users/amosgichero/.npm/_locks/staging-857486946b41a9aa.lock for /Users/amosgichero/digitalCrafts/Javascript/npm/node_modules/.staging
97 silly doParallel extract 1
98 silly extract graphicsmagick@0.0.1
99 verbose unbuild node_modules/.staging/graphicsmagick-bc52086f
100 silly gentlyRm /Users/amosgichero/digitalCrafts/Javascript/npm/node_modules/.staging/graphicsmagick-bc52086f is being purged from base /Users/amosgichero/digitalCrafts/Javascript/npm
101 verbose gentlyRm don't care about contents; nuking /Users/amosgichero/digitalCrafts/Javascript/npm/node_modules/.staging/graphicsmagick-bc52086f
102 verbose tar unpack /Users/amosgichero/.npm/graphicsmagick/0.0.1/package.tgz
103 verbose tar unpacking to /Users/amosgichero/digitalCrafts/Javascript/npm/node_modules/.staging/graphicsmagick-bc52086f
104 silly gentlyRm /Users/amosgichero/digitalCrafts/Javascript/npm/node_modules/.staging/graphicsmagick-bc52086f is being purged
105 verbose gentlyRm don't care about contents; nuking /Users/amosgichero/digitalCrafts/Javascript/npm/node_modules/.staging/graphicsmagick-bc52086f
106 silly gunzTarPerm modes [ '755', '644' ]
107 silly gunzTarPerm extractEntry wscript
108 silly gunzTarPerm extractEntry GraphicsMagick.cc
109 silly gunzTarPerm extractEntry README.creole
110 silly gunzTarPerm extractEntry test.jpg
111 silly gunzTarPerm extractEntry .npmignore
112 silly gunzTarPerm extractEntry build/
113 silly gunzTarPerm extractEntry build/.wafpickle-7
114 silly gunzTarPerm extractEntry test.js
115 silly gunzTarPerm extractEntry package.json
116 silly gentlyRm /Users/amosgichero/digitalCrafts/Javascript/npm/node_modules/.staging/graphicsmagick-bc52086f/node_modules is being purged
117 verbose gentlyRm don't care about contents; nuking /Users/amosgichero/digitalCrafts/Javascript/npm/node_modules/.staging/graphicsmagick-bc52086f/node_modules
118 silly doParallel preinstall 1
119 silly preinstall graphicsmagick@0.0.1 /Users/amosgichero/digitalCrafts/Javascript/npm/node_modules/.staging/graphicsmagick-bc52086f
120 info lifecycle graphicsmagick@0.0.1~preinstall: graphicsmagick@0.0.1
121 verbose lifecycle graphicsmagick@0.0.1~preinstall: unsafe-perm in lifecycle true
122 verbose lifecycle graphicsmagick@0.0.1~preinstall: PATH: /Users/amosgichero/.nvm/versions/node/v6.9.5/lib/node_modules/npm/bin/node-gyp-bin:/Users/amosgichero/digitalCrafts/Javascript/npm/node_modules/.staging/graphicsmagick-bc52086f/node_modules/.bin:/Users/amosgichero/digitalCrafts/Javascript/npm/node_modules/.bin:/Users/amosgichero/.nvm/versions/node/v6.9.5/bin:/usr/local/bin:/usr/bin:/bin:/usr/sbin:/sbin:/Users/amosgichero/.rvm/bin
123 verbose lifecycle graphicsmagick@0.0.1~preinstall: CWD: /Users/amosgichero/digitalCrafts/Javascript/npm/node_modules/.staging/graphicsmagick-bc52086f
124 silly lifecycle graphicsmagick@0.0.1~preinstall: Args: [ '-c', 'node-waf clean || (exit 0); node-waf configure build' ]
125 info lifecycle graphicsmagick@0.0.1~preinstall: Failed to exec preinstall script
126 verbose unlock done using /Users/amosgichero/.npm/_locks/staging-857486946b41a9aa.lock for /Users/amosgichero/digitalCrafts/Javascript/npm/node_modules/.staging
127 silly rollbackFailedOptional Starting
128 silly rollbackFailedOptional Finishing
129 silly runTopLevelLifecycles Finishing
130 silly install printInstalled
131 warn npm@1.0.0 No repository field.
132 verbose If you need help, you may report this error at:
132 verbose     <https://github.com/npm/npm/issues>
133 verbose stack Error: graphicsmagick@0.0.1 preinstall: `node-waf clean || (exit 0); node-waf configure build`
133 verbose stack spawn ENOENT
133 verbose stack     at ChildProcess.<anonymous> (/Users/amosgichero/.nvm/versions/node/v6.9.5/lib/node_modules/npm/lib/utils/spawn.js:33:16)
133 verbose stack     at emitTwo (events.js:106:13)
133 verbose stack     at ChildProcess.emit (events.js:191:7)
133 verbose stack     at maybeClose (internal/child_process.js:877:16)
133 verbose stack     at Process.ChildProcess._handle.onexit (internal/child_process.js:226:5)
134 verbose pkgid graphicsmagick@0.0.1
135 verbose cwd /Users/amosgichero/digitalCrafts/Javascript/npm
136 error Darwin 16.4.0
137 error argv "/Users/amosgichero/.nvm/versions/node/v6.9.5/bin/node" "/Users/amosgichero/.nvm/versions/node/v6.9.5/bin/npm" "install" "graphicsmagick" "--save"
138 error node v6.9.5
139 error npm  v3.10.10
140 error file sh
141 error code ELIFECYCLE
142 error errno ENOENT
143 error syscall spawn
144 error graphicsmagick@0.0.1 preinstall: `node-waf clean || (exit 0); node-waf configure build`
144 error spawn ENOENT
145 error Failed at the graphicsmagick@0.0.1 preinstall script 'node-waf clean || (exit 0); node-waf configure build'.
145 error Make sure you have the latest version of node.js and npm installed.
145 error If you do, this is most likely a problem with the graphicsmagick package,
145 error not with npm itself.
145 error Tell the author that this fails on your system:
145 error     node-waf clean || (exit 0); node-waf configure build
145 error You can get information on how to open an issue for this project with:
145 error     npm bugs graphicsmagick
145 error Or if that isn't available, you can get their info via:
145 error     npm owner ls graphicsmagick
145 error There is likely additional logging output above.
146 verbose exit [ 1, true ]
